[alt] blocks.0.self_attn.q.weight alternating_svd_r16 iter=0 act=0.45471 fro=0.43801
[alt] blocks.0.self_attn.q.weight alternating_svd_r16 iter=1 act=0.45155 fro=0.43473
[alt] blocks.0.self_attn.q.weight alternating_svd_r16 iter=2 act=0.45022 fro=0.43324
[alt] blocks.0.self_attn.q.weight alternating_svd_r16 iter=3 act=0.44960 fro=0.43243
[alt] blocks.0.self_attn.q.weight alternating_bcm_b256_svd_r13 iter=0 act=0.45631 fro=0.43980
[alt] blocks.0.self_attn.q.weight alternating_bcm_b256_svd_r13 iter=1 act=0.45288 fro=0.43608
[alt] blocks.0.self_attn.q.weight alternating_bcm_b256_svd_r13 iter=2 act=0.45197 fro=0.43446
[alt] blocks.0.self_attn.q.weight alternating_bcm_b256_svd_r13 iter=3 act=0.45207 fro=0.43362
[alt] blocks.0.self_attn.q.weight alternating_svd_r8_rowsparse_b16 iter=0 act=0.46420 fro=0.44396
[alt] blocks.0.self_attn.q.weight alternating_svd_r8_rowsparse_b16 iter=1 act=0.45855 fro=0.44015
[alt] blocks.0.self_attn.q.weight alternating_svd_r8_rowsparse_b16 iter=2 act=0.45773 fro=0.43917
[alt] blocks.0.self_attn.q.weight alternating_svd_r8_rowsparse_b16 iter=3 act=0.45712 fro=0.43868
[alt] blocks.0.self_attn.q.weight alternating_svd_r8_tilesparse_b32 iter=0 act=0.46328 fro=0.44396
[alt] blocks.0.self_attn.q.weight alternating_svd_r8_tilesparse_b32 iter=1 act=0.45738 fro=0.44024
[alt] blocks.0.self_attn.q.weight alternating_svd_r8_tilesparse_b32 iter=2 act=0.45654 fro=0.43959
[alt] blocks.0.self_attn.q.weight alternating_svd_r8_tilesparse_b32 iter=3 act=0.45718 fro=0.43923
[alt] blocks.0.self_attn.o.weight alternating_svd_r16 iter=0 act=0.48534 fro=0.48442
[alt] blocks.0.self_attn.o.weight alternating_svd_r16 iter=1 act=0.48289 fro=0.48086
[alt] blocks.0.self_attn.o.weight alternating_svd_r16 iter=2 act=0.48093 fro=0.47927
[alt] blocks.0.self_attn.o.weight alternating_svd_r16 iter=3 act=0.47915 fro=0.47844
[alt] blocks.0.self_attn.o.weight alternating_bcm_b256_svd_r13 iter=0 act=0.48657 fro=0.48801
[alt] blocks.0.self_attn.o.weight alternating_bcm_b256_svd_r13 iter=1 act=0.48321 fro=0.48385
[alt] blocks.0.self_attn.o.weight alternating_bcm_b256_svd_r13 iter=2 act=0.48215 fro=0.48207
[alt] blocks.0.self_attn.o.weight alternating_bcm_b256_svd_r13 iter=3 act=0.48155 fro=0.48117
[alt] blocks.0.self_attn.o.weight alternating_svd_r8_rowsparse_b16 iter=0 act=0.49534 fro=0.49535
[alt] blocks.0.self_attn.o.weight alternating_svd_r8_rowsparse_b16 iter=1 act=0.48839 fro=0.49107
[alt] blocks.0.self_attn.o.weight alternating_svd_r8_rowsparse_b16 iter=2 act=0.48717 fro=0.48996
[alt] blocks.0.self_attn.o.weight alternating_svd_r8_rowsparse_b16 iter=3 act=0.48737 fro=0.48938
[alt] blocks.0.self_attn.o.weight alternating_svd_r8_tilesparse_b32 iter=0 act=0.49350 fro=0.49531
[alt] blocks.0.self_attn.o.weight alternating_svd_r8_tilesparse_b32 iter=1 act=0.49011 fro=0.49119
[alt] blocks.0.self_attn.o.weight alternating_svd_r8_tilesparse_b32 iter=2 act=0.48964 fro=0.49044
[alt] blocks.0.self_attn.o.weight alternating_svd_r8_tilesparse_b32 iter=3 act=0.48933 fro=0.49002
[alt] blocks.0.ffn.0.weight alternating_svd_r16 iter=0 act=0.46476 fro=0.45395
[alt] blocks.0.ffn.0.weight alternating_svd_r16 iter=1 act=0.46205 fro=0.45184
[alt] blocks.0.ffn.0.weight alternating_svd_r16 iter=2 act=0.46153 fro=0.45091
[alt] blocks.0.ffn.0.weight alternating_svd_r16 iter=3 act=0.46084 fro=0.45045
[alt] blocks.0.ffn.0.weight alternating_bcm_b256_svd_r10 iter=0 act=0.47484 fro=0.46404
[alt] blocks.0.ffn.0.weight alternating_bcm_b256_svd_r10 iter=1 act=0.47204 fro=0.46152
[alt] blocks.0.ffn.0.weight alternating_bcm_b256_svd_r10 iter=2 act=0.47114 fro=0.46047
[alt] blocks.0.ffn.0.weight alternating_bcm_b256_svd_r10 iter=3 act=0.47081 fro=0.45997
[alt] blocks.0.ffn.0.weight alternating_svd_r8_rowsparse_b16 iter=0 act=0.47915 fro=0.46819
[alt] blocks.0.ffn.0.weight alternating_svd_r8_rowsparse_b16 iter=1 act=0.47640 fro=0.46545
[alt] blocks.0.ffn.0.weight alternating_svd_r8_rowsparse_b16 iter=2 act=0.47563 fro=0.46480
[alt] blocks.0.ffn.0.weight alternating_svd_r8_rowsparse_b16 iter=3 act=0.47495 fro=0.46448
[alt] blocks.0.ffn.0.weight alternating_svd_r8_tilesparse_b32 iter=0 act=0.47941 fro=0.46820
[alt] blocks.0.ffn.0.weight alternating_svd_r8_tilesparse_b32 iter=1 act=0.47671 fro=0.46550
[alt] blocks.0.ffn.0.weight alternating_svd_r8_tilesparse_b32 iter=2 act=0.47525 fro=0.46494
[alt] blocks.0.ffn.0.weight alternating_svd_r8_tilesparse_b32 iter=3 act=0.47490 fro=0.46461
[alt] blocks.15.self_attn.q.weight alternating_svd_r16 iter=0 act=0.48229 fro=0.47059
[alt] blocks.15.self_attn.q.weight alternating_svd_r16 iter=1 act=0.47966 fro=0.46711
[alt] blocks.15.self_attn.q.weight alternating_svd_r16 iter=2 act=0.47796 fro=0.46557
[alt] blocks.15.self_attn.q.weight alternating_svd_r16 iter=3 act=0.47628 fro=0.46474
[alt] blocks.15.self_attn.q.weight alternating_bcm_b256_svd_r13 iter=0 act=0.48668 fro=0.47449
[alt] blocks.15.self_attn.q.weight alternating_bcm_b256_svd_r13 iter=1 act=0.48227 fro=0.47037
[alt] blocks.15.self_attn.q.weight alternating_bcm_b256_svd_r13 iter=2 act=0.48096 fro=0.46864
[alt] blocks.15.self_attn.q.weight alternating_bcm_b256_svd_r13 iter=3 act=0.47956 fro=0.46776
[alt] blocks.15.self_attn.q.weight alternating_svd_r8_rowsparse_b16 iter=0 act=0.49181 fro=0.48193
[alt] blocks.15.self_attn.q.weight alternating_svd_r8_rowsparse_b16 iter=1 act=0.48650 fro=0.47716
[alt] blocks.15.self_attn.q.weight alternating_svd_r8_rowsparse_b16 iter=2 act=0.48561 fro=0.47605
[alt] blocks.15.self_attn.q.weight alternating_svd_r8_rowsparse_b16 iter=3 act=0.48483 fro=0.47548
[alt] blocks.15.self_attn.q.weight alternating_svd_r8_tilesparse_b32 iter=0 act=0.49349 fro=0.48184
[alt] blocks.15.self_attn.q.weight alternating_svd_r8_tilesparse_b32 iter=1 act=0.48810 fro=0.47732
[alt] blocks.15.self_attn.q.weight alternating_svd_r8_tilesparse_b32 iter=2 act=0.48753 fro=0.47650
[alt] blocks.15.self_attn.q.weight alternating_svd_r8_tilesparse_b32 iter=3 act=0.48622 fro=0.47599
[alt] blocks.15.self_attn.o.weight alternating_svd_r16 iter=0 act=0.49747 fro=0.49508
[alt] blocks.15.self_attn.o.weight alternating_svd_r16 iter=1 act=0.49287 fro=0.49104
[alt] blocks.15.self_attn.o.weight alternating_svd_r16 iter=2 act=0.48903 fro=0.48915
[alt] blocks.15.self_attn.o.weight alternating_svd_r16 iter=3 act=0.48770 fro=0.48809
[alt] blocks.15.self_attn.o.weight alternating_bcm_b256_svd_r13 iter=0 act=0.49870 fro=0.49771
[alt] blocks.15.self_attn.o.weight alternating_bcm_b256_svd_r13 iter=1 act=0.49461 fro=0.49312
[alt] blocks.15.self_attn.o.weight alternating_bcm_b256_svd_r13 iter=2 act=0.49245 fro=0.49104
[alt] blocks.15.self_attn.o.weight alternating_bcm_b256_svd_r13 iter=3 act=0.49161 fro=0.48992
[alt] blocks.15.self_attn.o.weight alternating_svd_r8_rowsparse_b16 iter=0 act=0.50226 fro=0.50265
[alt] blocks.15.self_attn.o.weight alternating_svd_r8_rowsparse_b16 iter=1 act=0.49786 fro=0.49804
[alt] blocks.15.self_attn.o.weight alternating_svd_r8_rowsparse_b16 iter=2 act=0.49503 fro=0.49675
[alt] blocks.15.self_attn.o.weight alternating_svd_r8_rowsparse_b16 iter=3 act=0.49423 fro=0.49605
[alt] blocks.15.self_attn.o.weight alternating_svd_r8_tilesparse_b32 iter=0 act=0.50574 fro=0.50271
[alt] blocks.15.self_attn.o.weight alternating_svd_r8_tilesparse_b32 iter=1 act=0.50158 fro=0.49819
[alt] blocks.15.self_attn.o.weight alternating_svd_r8_tilesparse_b32 iter=2 act=0.49864 fro=0.49727
[alt] blocks.15.self_attn.o.weight alternating_svd_r8_tilesparse_b32 iter=3 act=0.49816 fro=0.49671
[alt] blocks.15.ffn.0.weight alternating_svd_r16 iter=0 act=0.49103 fro=0.48639
[alt] blocks.15.ffn.0.weight alternating_svd_r16 iter=1 act=0.48869 fro=0.48424
[alt] blocks.15.ffn.0.weight alternating_svd_r16 iter=2 act=0.48735 fro=0.48328
[alt] blocks.15.ffn.0.weight alternating_svd_r16 iter=3 act=0.48683 fro=0.48279
[alt] blocks.15.ffn.0.weight alternating_bcm_b256_svd_r10 iter=0 act=0.49555 fro=0.49164
[alt] blocks.15.ffn.0.weight alternating_bcm_b256_svd_r10 iter=1 act=0.49298 fro=0.48904
[alt] blocks.15.ffn.0.weight alternating_bcm_b256_svd_r10 iter=2 act=0.49180 fro=0.48794
[alt] blocks.15.ffn.0.weight alternating_bcm_b256_svd_r10 iter=3 act=0.49093 fro=0.48740
[alt] blocks.15.ffn.0.weight alternating_svd_r8_rowsparse_b16 iter=0 act=0.49794 fro=0.49377
[alt] blocks.15.ffn.0.weight alternating_svd_r8_rowsparse_b16 iter=1 act=0.49529 fro=0.49122
[alt] blocks.15.ffn.0.weight alternating_svd_r8_rowsparse_b16 iter=2 act=0.49491 fro=0.49057
[alt] blocks.15.ffn.0.weight alternating_svd_r8_rowsparse_b16 iter=3 act=0.49483 fro=0.49025
[alt] blocks.15.ffn.0.weight alternating_svd_r8_tilesparse_b32 iter=0 act=0.49830 fro=0.49377
[alt] blocks.15.ffn.0.weight alternating_svd_r8_tilesparse_b32 iter=1 act=0.49588 fro=0.49121
[alt] blocks.15.ffn.0.weight alternating_svd_r8_tilesparse_b32 iter=2 act=0.49537 fro=0.49071
[alt] blocks.15.ffn.0.weight alternating_svd_r8_tilesparse_b32 iter=3 act=0.49516 fro=0.49035
[alt] blocks.29.self_attn.q.weight alternating_svd_r16 iter=0 act=0.46546 fro=0.45366
[alt] blocks.29.self_attn.q.weight alternating_svd_r16 iter=1 act=0.46202 fro=0.45019
[alt] blocks.29.self_attn.q.weight alternating_svd_r16 iter=2 act=0.45972 fro=0.44870
[alt] blocks.29.self_attn.q.weight alternating_svd_r16 iter=3 act=0.45915 fro=0.44795
[alt] blocks.29.self_attn.q.weight alternating_bcm_b256_svd_r13 iter=0 act=0.46815 fro=0.45929
[alt] blocks.29.self_attn.q.weight alternating_bcm_b256_svd_r13 iter=1 act=0.46415 fro=0.45527
[alt] blocks.29.self_attn.q.weight alternating_bcm_b256_svd_r13 iter=2 act=0.46283 fro=0.45360
[alt] blocks.29.self_attn.q.weight alternating_bcm_b256_svd_r13 iter=3 act=0.46218 fro=0.45275
[alt] blocks.29.self_attn.q.weight alternating_svd_r8_rowsparse_b16 iter=0 act=0.48173 fro=0.47026
[alt] blocks.29.self_attn.q.weight alternating_svd_r8_rowsparse_b16 iter=1 act=0.47717 fro=0.46471
[alt] blocks.29.self_attn.q.weight alternating_svd_r8_rowsparse_b16 iter=2 act=0.47802 fro=0.46353
[alt] blocks.29.self_attn.q.weight alternating_svd_r8_rowsparse_b16 iter=3 act=0.47756 fro=0.46295
[alt] blocks.29.self_attn.q.weight alternating_svd_r8_tilesparse_b32 iter=0 act=0.48277 fro=0.47025
[alt] blocks.29.self_attn.q.weight alternating_svd_r8_tilesparse_b32 iter=1 act=0.47922 fro=0.46510
[alt] blocks.29.self_attn.q.weight alternating_svd_r8_tilesparse_b32 iter=2 act=0.47833 fro=0.46428
[alt] blocks.29.self_attn.q.weight alternating_svd_r8_tilesparse_b32 iter=3 act=0.47832 fro=0.46366
[alt] blocks.29.self_attn.o.weight alternating_svd_r16 iter=0 act=0.48774 fro=0.48451
[alt] blocks.29.self_attn.o.weight alternating_svd_r16 iter=1 act=0.48255 fro=0.48073
[alt] blocks.29.self_attn.o.weight alternating_svd_r16 iter=2 act=0.48144 fro=0.47905
[alt] blocks.29.self_attn.o.weight alternating_svd_r16 iter=3 act=0.48025 fro=0.47814
[alt] blocks.29.self_attn.o.weight alternating_bcm_b256_svd_r13 iter=0 act=0.49472 fro=0.48882
[alt] blocks.29.self_attn.o.weight alternating_bcm_b256_svd_r13 iter=1 act=0.48872 fro=0.48446
[alt] blocks.29.self_attn.o.weight alternating_bcm_b256_svd_r13 iter=2 act=0.48771 fro=0.48259
[alt] blocks.29.self_attn.o.weight alternating_bcm_b256_svd_r13 iter=3 act=0.48814 fro=0.48162
[alt] blocks.29.self_attn.o.weight alternating_svd_r8_rowsparse_b16 iter=0 act=0.49891 fro=0.49652
[alt] blocks.29.self_attn.o.weight alternating_svd_r8_rowsparse_b16 iter=1 act=0.49462 fro=0.49185
[alt] blocks.29.self_attn.o.weight alternating_svd_r8_rowsparse_b16 iter=2 act=0.49415 fro=0.49064
[alt] blocks.29.self_attn.o.weight alternating_svd_r8_rowsparse_b16 iter=3 act=0.49423 fro=0.49000
[alt] blocks.29.self_attn.o.weight alternating_svd_r8_tilesparse_b32 iter=0 act=0.50416 fro=0.49661
[alt] blocks.29.self_attn.o.weight alternating_svd_r8_tilesparse_b32 iter=1 act=0.49913 fro=0.49216
[alt] blocks.29.self_attn.o.weight alternating_svd_r8_tilesparse_b32 iter=2 act=0.49816 fro=0.49131
[alt] blocks.29.self_attn.o.weight alternating_svd_r8_tilesparse_b32 iter=3 act=0.49798 fro=0.49073
[alt] blocks.29.ffn.0.weight alternating_svd_r16 iter=0 act=0.48097 fro=0.47731
[alt] blocks.29.ffn.0.weight alternating_svd_r16 iter=1 act=0.47902 fro=0.47520
[alt] blocks.29.ffn.0.weight alternating_svd_r16 iter=2 act=0.47826 fro=0.47426
[alt] blocks.29.ffn.0.weight alternating_svd_r16 iter=3 act=0.47762 fro=0.47378
[alt] blocks.29.ffn.0.weight alternating_bcm_b256_svd_r10 iter=0 act=0.48952 fro=0.48463
[alt] blocks.29.ffn.0.weight alternating_bcm_b256_svd_r10 iter=1 act=0.48721 fro=0.48204
[alt] blocks.29.ffn.0.weight alternating_bcm_b256_svd_r10 iter=2 act=0.48556 fro=0.48094
[alt] blocks.29.ffn.0.weight alternating_bcm_b256_svd_r10 iter=3 act=0.48537 fro=0.48041
[alt] blocks.29.ffn.0.weight alternating_svd_r8_rowsparse_b16 iter=0 act=0.49165 fro=0.48737
[alt] blocks.29.ffn.0.weight alternating_svd_r8_rowsparse_b16 iter=1 act=0.48979 fro=0.48494
[alt] blocks.29.ffn.0.weight alternating_svd_r8_rowsparse_b16 iter=2 act=0.48934 fro=0.48430
[alt] blocks.29.ffn.0.weight alternating_svd_r8_rowsparse_b16 iter=3 act=0.48909 fro=0.48399
[alt] blocks.29.ffn.0.weight alternating_svd_r8_tilesparse_b32 iter=0 act=0.49124 fro=0.48736
[alt] blocks.29.ffn.0.weight alternating_svd_r8_tilesparse_b32 iter=1 act=0.48910 fro=0.48489
[alt] blocks.29.ffn.0.weight alternating_svd_r8_tilesparse_b32 iter=2 act=0.48838 fro=0.48445
[alt] blocks.29.ffn.0.weight alternating_svd_r8_tilesparse_b32 iter=3 act=0.48851 fro=0.48420
[alt] wrote /home/wangmeiqi/codex_runs/robuq_structured_probe_20260723/results/alternating_wan9_v1
