[probe] loading blocks.0.self_attn.q.weight
[probe] blocks.0.self_attn.q.weight ternary_no_hadamard: fro=0.46864 act=0.46306 params=0
[probe] blocks.0.self_attn.q.weight ternary_hadamard: fro=0.51084 act=0.52405 params=0
[probe] blocks.0.self_attn.q.weight fp8_hadamard: fro=0.02650 act=0.02743 params=0
[probe] blocks.0.self_attn.q.weight robuq_weight_svd_r8: fro=0.44396 act=0.46332 params=24576
[probe] blocks.0.self_attn.q.weight ternary_qer_svd_r8: fro=0.46469 act=0.48157 params=24576
[probe] blocks.0.self_attn.q.weight fp8_qer_svd_r8: fro=0.02588 act=0.02666 params=24576
[probe] blocks.0.self_attn.q.weight robuq_weight_svd_r16: fro=0.43774 act=0.45561 params=49152
[probe] blocks.0.self_attn.q.weight ternary_qer_svd_r16: fro=0.45855 act=0.47600 params=49152
[probe] blocks.0.self_attn.q.weight fp8_qer_svd_r16: fro=0.02549 act=0.02627 params=49152
[probe] blocks.0.self_attn.q.weight robuq_weight_svd_r32: fro=0.42888 act=0.44744 params=98304
[probe] blocks.0.self_attn.q.weight ternary_qer_svd_r32: fro=0.44889 act=0.46600 params=98304
[probe] blocks.0.self_attn.q.weight fp8_qer_svd_r32: fro=0.02485 act=0.02564 params=98304
[probe] blocks.0.self_attn.q.weight ternary_qer_bcm_b64: fro=0.50688 act=0.52037 params=36864
[probe] blocks.0.self_attn.q.weight ternary_qer_bcm_b64_svd_r4_budget_lr16: fro=0.46698 act=0.48454 params=49152
[probe] blocks.0.self_attn.q.weight ternary_qer_svd_r4_bcm_b64_budget_lr16: fro=0.46634 act=0.48390 params=49152
[probe] blocks.0.self_attn.q.weight ternary_qer_bcm_b64_svd_r16_expanded: fro=0.45575 act=0.47252 params=86016
[probe] blocks.0.self_attn.q.weight fp8_qer_bcm_b64_svd_r4_budget_lr16: fro=0.02591 act=0.02668 params=49152
[probe] blocks.0.self_attn.q.weight ternary_qer_bcm_b128: fro=0.50889 act=0.52294 params=18432
[probe] blocks.0.self_attn.q.weight ternary_qer_bcm_b128_svd_r10_budget_lr16: fro=0.46149 act=0.47934 params=49152
[probe] blocks.0.self_attn.q.weight ternary_qer_svd_r10_bcm_b128_budget_lr16: fro=0.46112 act=0.47886 params=49152
[probe] blocks.0.self_attn.q.weight ternary_qer_bcm_b128_svd_r16_expanded: fro=0.45718 act=0.47543 params=67584
[probe] blocks.0.self_attn.q.weight fp8_qer_bcm_b128_svd_r10_budget_lr16: fro=0.02569 act=0.02650 params=49152
[probe] blocks.0.self_attn.q.weight ternary_qer_bcm_b256: fro=0.50987 act=0.52272 params=9216
[probe] blocks.0.self_attn.q.weight ternary_qer_bcm_b256_svd_r13_budget_lr16: fro=0.45995 act=0.47698 params=49152
[probe] blocks.0.self_attn.q.weight ternary_qer_svd_r13_bcm_b256_budget_lr16: fro=0.45976 act=0.47719 params=49152
[probe] blocks.0.self_attn.q.weight ternary_qer_bcm_b256_svd_r16_expanded: fro=0.45788 act=0.47477 params=58368
[probe] blocks.0.self_attn.q.weight fp8_qer_bcm_b256_svd_r13_budget_lr16: fro=0.02559 act=0.02643 params=49152
[probe] blocks.0.self_attn.q.weight ternary_qer_svd_r8_rowsparse_b16_budget_lr16: fro=0.46170 act=0.47866 params=49152
[probe] blocks.0.self_attn.q.weight ternary_qer_svd_r8_tilesparse_b32_budget_lr16: fro=0.46163 act=0.47867 params=49152
[probe] blocks.0.self_attn.q.weight fp8_qer_svd_r8_rowsparse_b16_budget_lr16: fro=0.02567 act=0.02650 params=49152
[probe] loading blocks.0.self_attn.o.weight
[probe] blocks.0.self_attn.o.weight ternary_no_hadamard: fro=0.47350 act=0.47246 params=0
[probe] blocks.0.self_attn.o.weight ternary_hadamard: fro=0.51099 act=0.50251 params=0
[probe] blocks.0.self_attn.o.weight fp8_hadamard: fro=0.02657 act=0.02647 params=0
[probe] blocks.0.self_attn.o.weight robuq_weight_svd_r8: fro=0.49523 act=0.49237 params=24576
[probe] blocks.0.self_attn.o.weight ternary_qer_svd_r8: fro=0.49965 act=0.49458 params=24576
[probe] blocks.0.self_attn.o.weight fp8_qer_svd_r8: fro=0.02629 act=0.02596 params=24576
[probe] blocks.0.self_attn.o.weight robuq_weight_svd_r16: fro=0.48413 act=0.48257 params=49152
[probe] blocks.0.self_attn.o.weight ternary_qer_svd_r16: fro=0.49137 act=0.48810 params=49152
[probe] blocks.0.self_attn.o.weight fp8_qer_svd_r16: fro=0.02603 act=0.02569 params=49152
[probe] blocks.0.self_attn.o.weight robuq_weight_svd_r32: fro=0.46631 act=0.46588 params=98304
[probe] blocks.0.self_attn.o.weight ternary_qer_svd_r32: fro=0.47775 act=0.47528 params=98304
[probe] blocks.0.self_attn.o.weight fp8_qer_svd_r32: fro=0.02553 act=0.02525 params=98304
[probe] blocks.0.self_attn.o.weight ternary_qer_bcm_b64: fro=0.50701 act=0.49847 params=36864
[probe] blocks.0.self_attn.o.weight ternary_qer_bcm_b64_svd_r4_budget_lr16: fro=0.50075 act=0.49427 params=49152
[probe] blocks.0.self_attn.o.weight ternary_qer_svd_r4_bcm_b64_budget_lr16: fro=0.50067 act=0.49406 params=49152
[probe] blocks.0.self_attn.o.weight ternary_qer_bcm_b64_svd_r16_expanded: fro=0.48774 act=0.48404 params=86016
[probe] blocks.0.self_attn.o.weight fp8_qer_bcm_b64_svd_r4_budget_lr16: fro=0.02623 act=0.02615 params=49152
[probe] blocks.0.self_attn.o.weight ternary_qer_bcm_b128: fro=0.50896 act=0.50025 params=18432
[probe] blocks.0.self_attn.o.weight ternary_qer_bcm_b128_svd_r10_budget_lr16: fro=0.49549 act=0.49117 params=49152
[probe] blocks.0.self_attn.o.weight ternary_qer_svd_r10_bcm_b128_budget_lr16: fro=0.49542 act=0.49110 params=49152
[probe] blocks.0.self_attn.o.weight ternary_qer_bcm_b128_svd_r16_expanded: fro=0.48952 act=0.48588 params=67584
[probe] blocks.0.self_attn.o.weight fp8_qer_bcm_b128_svd_r10_budget_lr16: fro=0.02614 act=0.02597 params=49152
[probe] blocks.0.self_attn.o.weight ternary_qer_bcm_b256: fro=0.50999 act=0.50143 params=9216
[probe] blocks.0.self_attn.o.weight ternary_qer_bcm_b256_svd_r13_budget_lr16: fro=0.49336 act=0.48980 params=49152
[probe] blocks.0.self_attn.o.weight ternary_qer_svd_r13_bcm_b256_budget_lr16: fro=0.49332 act=0.48968 params=49152
[probe] blocks.0.self_attn.o.weight ternary_qer_bcm_b256_svd_r16_expanded: fro=0.49045 act=0.48720 params=58368
[probe] blocks.0.self_attn.o.weight fp8_qer_bcm_b256_svd_r13_budget_lr16: fro=0.02610 act=0.02591 params=49152
[probe] blocks.0.self_attn.o.weight ternary_qer_svd_r8_rowsparse_b16_budget_lr16: fro=0.49672 act=0.49132 params=49152
[probe] blocks.0.self_attn.o.weight ternary_qer_svd_r8_tilesparse_b32_budget_lr16: fro=0.49651 act=0.49170 params=49152
[probe] blocks.0.self_attn.o.weight fp8_qer_svd_r8_rowsparse_b16_budget_lr16: fro=0.02614 act=0.02582 params=49152
[probe] loading blocks.0.ffn.0.weight
[probe] blocks.0.ffn.0.weight ternary_no_hadamard: fro=0.51709 act=0.52385 params=0
[probe] blocks.0.ffn.0.weight ternary_hadamard: fro=0.51119 act=0.51639 params=0
[probe] blocks.0.ffn.0.weight fp8_hadamard: fro=0.02654 act=0.02737 params=0
[probe] blocks.0.ffn.0.weight robuq_weight_svd_r8: fro=0.46818 act=0.47871 params=83968
[probe] blocks.0.ffn.0.weight ternary_qer_svd_r8: fro=0.48280 act=0.49400 params=83968
[probe] blocks.0.ffn.0.weight fp8_qer_svd_r8: fro=0.02636 act=0.02723 params=83968
[probe] blocks.0.ffn.0.weight robuq_weight_svd_r16: fro=0.45377 act=0.46582 params=167936
[probe] blocks.0.ffn.0.weight ternary_qer_svd_r16: fro=0.47299 act=0.48544 params=167936
[probe] blocks.0.ffn.0.weight fp8_qer_svd_r16: fro=0.02620 act=0.02710 params=167936
[probe] blocks.0.ffn.0.weight robuq_weight_svd_r32: fro=0.43220 act=0.44364 params=335872
[probe] blocks.0.ffn.0.weight ternary_qer_svd_r32: fro=0.45833 act=0.47095 params=335872
[probe] blocks.0.ffn.0.weight fp8_qer_svd_r32: fro=0.02590 act=0.02680 params=335872
[probe] blocks.0.ffn.0.weight ternary_qer_bcm_b64: fro=0.50717 act=0.51268 params=215040
[probe] blocks.0.ffn.0.weight ternary_qer_bcm_b64_svd_r16_expanded: fro=0.46980 act=0.48225 params=382976
[probe] blocks.0.ffn.0.weight ternary_qer_bcm_b128: fro=0.50917 act=0.51453 params=107520
[probe] blocks.0.ffn.0.weight ternary_qer_bcm_b128_svd_r5_budget_lr16: fro=0.48658 act=0.49702 params=160000
[probe] blocks.0.ffn.0.weight ternary_qer_svd_r5_bcm_b128_budget_lr16: fro=0.48643 act=0.49683 params=160000
[probe] blocks.0.ffn.0.weight ternary_qer_bcm_b128_svd_r16_expanded: fro=0.47140 act=0.48382 params=275456
[probe] blocks.0.ffn.0.weight fp8_qer_bcm_b128_svd_r5_budget_lr16: fro=0.02633 act=0.02722 params=160000
[probe] blocks.0.ffn.0.weight ternary_qer_bcm_b256: fro=0.51018 act=0.51612 params=53760
[probe] blocks.0.ffn.0.weight ternary_qer_bcm_b256_svd_r10_budget_lr16: fro=0.47913 act=0.49105 params=158720
[probe] blocks.0.ffn.0.weight ternary_qer_svd_r10_bcm_b256_budget_lr16: fro=0.47903 act=0.49092 params=158720
[probe] blocks.0.ffn.0.weight ternary_qer_bcm_b256_svd_r16_expanded: fro=0.47219 act=0.48482 params=221696
[probe] blocks.0.ffn.0.weight fp8_qer_bcm_b256_svd_r10_budget_lr16: fro=0.02628 act=0.02717 params=158720
[probe] blocks.0.ffn.0.weight ternary_qer_svd_r8_rowsparse_b16_budget_lr16: fro=0.48071 act=0.49210 params=157696
[probe] blocks.0.ffn.0.weight ternary_qer_svd_r8_tilesparse_b32_budget_lr16: fro=0.48057 act=0.49192 params=167936
[probe] blocks.0.ffn.0.weight fp8_qer_svd_r8_rowsparse_b16_budget_lr16: fro=0.02625 act=0.02711 params=157696
[probe] loading blocks.15.self_attn.q.weight
[probe] blocks.15.self_attn.q.weight ternary_no_hadamard: fro=0.52197 act=0.53241 params=0
[probe] blocks.15.self_attn.q.weight ternary_hadamard: fro=0.51105 act=0.50892 params=0
[probe] blocks.15.self_attn.q.weight fp8_hadamard: fro=0.02648 act=0.02767 params=0
[probe] blocks.15.self_attn.q.weight robuq_weight_svd_r8: fro=0.48178 act=0.49238 params=24576
[probe] blocks.15.self_attn.q.weight ternary_qer_svd_r8: fro=0.48891 act=0.49730 params=24576
[probe] blocks.15.self_attn.q.weight fp8_qer_svd_r8: fro=0.02589 act=0.02655 params=24576
[probe] blocks.15.self_attn.q.weight robuq_weight_svd_r16: fro=0.47029 act=0.48139 params=49152
[probe] blocks.15.self_attn.q.weight ternary_qer_svd_r16: fro=0.48026 act=0.49022 params=49152
[probe] blocks.15.self_attn.q.weight fp8_qer_svd_r16: fro=0.02563 act=0.02631 params=49152
[probe] blocks.15.self_attn.q.weight robuq_weight_svd_r32: fro=0.45182 act=0.46472 params=98304
[probe] blocks.15.self_attn.q.weight ternary_qer_svd_r32: fro=0.46613 act=0.47395 params=98304
[probe] blocks.15.self_attn.q.weight fp8_qer_svd_r32: fro=0.02513 act=0.02581 params=98304
[probe] blocks.15.self_attn.q.weight ternary_qer_bcm_b64: fro=0.50704 act=0.50477 params=36864
[probe] blocks.15.self_attn.q.weight ternary_qer_bcm_b64_svd_r4_budget_lr16: fro=0.49048 act=0.49800 params=49152
[probe] blocks.15.self_attn.q.weight ternary_qer_svd_r4_bcm_b64_budget_lr16: fro=0.49024 act=0.49784 params=49152
[probe] blocks.15.self_attn.q.weight ternary_qer_bcm_b64_svd_r16_expanded: fro=0.47687 act=0.48664 params=86016
[probe] blocks.15.self_attn.q.weight fp8_qer_bcm_b64_svd_r4_budget_lr16: fro=0.02583 act=0.02651 params=49152
[probe] blocks.15.self_attn.q.weight ternary_qer_bcm_b128: fro=0.50902 act=0.50698 params=18432
[probe] blocks.15.self_attn.q.weight ternary_qer_bcm_b128_svd_r10_budget_lr16: fro=0.48483 act=0.49379 params=49152
[probe] blocks.15.self_attn.q.weight ternary_qer_svd_r10_bcm_b128_budget_lr16: fro=0.48466 act=0.49388 params=49152
[probe] blocks.15.self_attn.q.weight ternary_qer_bcm_b128_svd_r16_expanded: fro=0.47854 act=0.48826 params=67584
[probe] blocks.15.self_attn.q.weight fp8_qer_bcm_b128_svd_r10_budget_lr16: fro=0.02574 act=0.02643 params=49152
[probe] blocks.15.self_attn.q.weight ternary_qer_bcm_b256: fro=0.51003 act=0.50773 params=9216
[probe] blocks.15.self_attn.q.weight ternary_qer_bcm_b256_svd_r13_budget_lr16: fro=0.48243 act=0.49265 params=49152
[probe] blocks.15.self_attn.q.weight ternary_qer_svd_r13_bcm_b256_budget_lr16: fro=0.48234 act=0.49284 params=49152
[probe] blocks.15.self_attn.q.weight ternary_qer_bcm_b256_svd_r16_expanded: fro=0.47939 act=0.48927 params=58368
[probe] blocks.15.self_attn.q.weight fp8_qer_bcm_b256_svd_r13_budget_lr16: fro=0.02569 act=0.02623 params=49152
[probe] blocks.15.self_attn.q.weight ternary_qer_svd_r8_rowsparse_b16_budget_lr16: fro=0.48538 act=0.49277 params=49152
[probe] blocks.15.self_attn.q.weight ternary_qer_svd_r8_tilesparse_b32_budget_lr16: fro=0.48526 act=0.49413 params=49152
[probe] blocks.15.self_attn.q.weight fp8_qer_svd_r8_rowsparse_b16_budget_lr16: fro=0.02570 act=0.02637 params=49152
[probe] loading blocks.15.self_attn.o.weight
[probe] blocks.15.self_attn.o.weight ternary_no_hadamard: fro=0.50855 act=0.50809 params=0
[probe] blocks.15.self_attn.o.weight ternary_hadamard: fro=0.51105 act=0.51378 params=0
[probe] blocks.15.self_attn.o.weight fp8_hadamard: fro=0.02648 act=0.02643 params=0
[probe] blocks.15.self_attn.o.weight robuq_weight_svd_r8: fro=0.50228 act=0.50218 params=24576
[probe] blocks.15.self_attn.o.weight ternary_qer_svd_r8: fro=0.50394 act=0.50629 params=24576
[probe] blocks.15.self_attn.o.weight fp8_qer_svd_r8: fro=0.02620 act=0.02617 params=24576
[probe] blocks.15.self_attn.o.weight robuq_weight_svd_r16: fro=0.49416 act=0.49493 params=49152
[probe] blocks.15.self_attn.o.weight ternary_qer_svd_r16: fro=0.49733 act=0.49928 params=49152
[probe] blocks.15.self_attn.o.weight fp8_qer_svd_r16: fro=0.02593 act=0.02590 params=49152
[probe] blocks.15.self_attn.o.weight robuq_weight_svd_r32: fro=0.47940 act=0.47957 params=98304
[probe] blocks.15.self_attn.o.weight ternary_qer_svd_r32: fro=0.48511 act=0.48645 params=98304
[probe] blocks.15.self_attn.o.weight fp8_qer_svd_r32: fro=0.02542 act=0.02549 params=98304
[probe] blocks.15.self_attn.o.weight ternary_qer_bcm_b64: fro=0.50704 act=0.50968 params=36864
[probe] blocks.15.self_attn.o.weight ternary_qer_bcm_b64_svd_r4_budget_lr16: fro=0.50344 act=0.50661 params=49152
[probe] blocks.15.self_attn.o.weight ternary_qer_svd_r4_bcm_b64_budget_lr16: fro=0.50340 act=0.50664 params=49152
[probe] blocks.15.self_attn.o.weight ternary_qer_bcm_b64_svd_r16_expanded: fro=0.49355 act=0.49749 params=86016
[probe] blocks.15.self_attn.o.weight fp8_qer_bcm_b64_svd_r4_budget_lr16: fro=0.02614 act=0.02605 params=49152
[probe] blocks.15.self_attn.o.weight ternary_qer_bcm_b128: fro=0.50903 act=0.51221 params=18432
[probe] blocks.15.self_attn.o.weight ternary_qer_bcm_b128_svd_r10_budget_lr16: fro=0.50029 act=0.50258 params=49152
[probe] blocks.15.self_attn.o.weight ternary_qer_svd_r10_bcm_b128_budget_lr16: fro=0.50027 act=0.50334 params=49152
[probe] blocks.15.self_attn.o.weight ternary_qer_bcm_b128_svd_r16_expanded: fro=0.49540 act=0.49835 params=67584
[probe] blocks.15.self_attn.o.weight fp8_qer_bcm_b128_svd_r10_budget_lr16: fro=0.02605 act=0.02604 params=49152
[probe] blocks.15.self_attn.o.weight ternary_qer_bcm_b256: fro=0.51002 act=0.51327 params=9216
[probe] blocks.15.self_attn.o.weight ternary_qer_bcm_b256_svd_r13_budget_lr16: fro=0.49878 act=0.50278 params=49152
[probe] blocks.15.self_attn.o.weight ternary_qer_svd_r13_bcm_b256_budget_lr16: fro=0.49876 act=0.50259 params=49152
[probe] blocks.15.self_attn.o.weight ternary_qer_bcm_b256_svd_r16_expanded: fro=0.49635 act=0.50029 params=58368
[probe] blocks.15.self_attn.o.weight fp8_qer_bcm_b256_svd_r13_budget_lr16: fro=0.02601 act=0.02595 params=49152
[probe] blocks.15.self_attn.o.weight ternary_qer_svd_r8_rowsparse_b16_budget_lr16: fro=0.50094 act=0.50293 params=49152
[probe] blocks.15.self_attn.o.weight ternary_qer_svd_r8_tilesparse_b32_budget_lr16: fro=0.50062 act=0.50309 params=49152
[probe] blocks.15.self_attn.o.weight fp8_qer_svd_r8_rowsparse_b16_budget_lr16: fro=0.02604 act=0.02603 params=49152
[probe] loading blocks.15.ffn.0.weight
[probe] blocks.15.ffn.0.weight ternary_no_hadamard: fro=0.52324 act=0.52510 params=0
[probe] blocks.15.ffn.0.weight ternary_hadamard: fro=0.51092 act=0.51145 params=0
[probe] blocks.15.ffn.0.weight fp8_hadamard: fro=0.02647 act=0.02674 params=0
[probe] blocks.15.ffn.0.weight robuq_weight_svd_r8: fro=0.49374 act=0.49769 params=83968
[probe] blocks.15.ffn.0.weight ternary_qer_svd_r8: fro=0.49935 act=0.50372 params=83968
[probe] blocks.15.ffn.0.weight fp8_qer_svd_r8: fro=0.02633 act=0.02664 params=83968
[probe] blocks.15.ffn.0.weight robuq_weight_svd_r16: fro=0.48616 act=0.49036 params=167936
[probe] blocks.15.ffn.0.weight ternary_qer_svd_r16: fro=0.49391 act=0.49770 params=167936
[probe] blocks.15.ffn.0.weight fp8_qer_svd_r16: fro=0.02620 act=0.02650 params=167936
[probe] blocks.15.ffn.0.weight robuq_weight_svd_r32: fro=0.47472 act=0.47765 params=335872
[probe] blocks.15.ffn.0.weight ternary_qer_svd_r32: fro=0.48541 act=0.48856 params=335872
[probe] blocks.15.ffn.0.weight fp8_qer_svd_r32: fro=0.02595 act=0.02621 params=335872
[probe] blocks.15.ffn.0.weight ternary_qer_bcm_b64: fro=0.50691 act=0.50743 params=215040
[probe] blocks.15.ffn.0.weight ternary_qer_bcm_b64_svd_r16_expanded: fro=0.49020 act=0.49407 params=382976
[probe] blocks.15.ffn.0.weight ternary_qer_bcm_b128: fro=0.50893 act=0.50975 params=107520
[probe] blocks.15.ffn.0.weight ternary_qer_bcm_b128_svd_r5_budget_lr16: fro=0.50008 act=0.50418 params=160000
[probe] blocks.15.ffn.0.weight ternary_qer_svd_r5_bcm_b128_budget_lr16: fro=0.50004 act=0.50411 params=160000
[probe] blocks.15.ffn.0.weight ternary_qer_bcm_b128_svd_r16_expanded: fro=0.49207 act=0.49618 params=275456
[probe] blocks.15.ffn.0.weight fp8_qer_bcm_b128_svd_r5_budget_lr16: fro=0.02629 act=0.02656 params=160000
[probe] blocks.15.ffn.0.weight ternary_qer_bcm_b256: fro=0.50993 act=0.51046 params=53760
[probe] blocks.15.ffn.0.weight ternary_qer_bcm_b256_svd_r10_budget_lr16: fro=0.49688 act=0.50177 params=158720
[probe] blocks.15.ffn.0.weight ternary_qer_svd_r10_bcm_b256_budget_lr16: fro=0.49685 act=0.50174 params=158720
[probe] blocks.15.ffn.0.weight ternary_qer_bcm_b256_svd_r16_expanded: fro=0.49300 act=0.49682 params=221696
[probe] blocks.15.ffn.0.weight fp8_qer_bcm_b256_svd_r10_budget_lr16: fro=0.02626 act=0.02647 params=158720
[probe] blocks.15.ffn.0.weight ternary_qer_svd_r8_rowsparse_b16_budget_lr16: fro=0.49757 act=0.50215 params=157696
[probe] blocks.15.ffn.0.weight ternary_qer_svd_r8_tilesparse_b32_budget_lr16: fro=0.49734 act=0.50191 params=167936
[probe] blocks.15.ffn.0.weight fp8_qer_svd_r8_rowsparse_b16_budget_lr16: fro=0.02625 act=0.02653 params=157696
[probe] loading blocks.29.self_attn.q.weight
[probe] blocks.29.self_attn.q.weight ternary_no_hadamard: fro=0.53254 act=0.53656 params=0
[probe] blocks.29.self_attn.q.weight ternary_hadamard: fro=0.51090 act=0.51209 params=0
[probe] blocks.29.self_attn.q.weight fp8_hadamard: fro=0.02650 act=0.02694 params=0
[probe] blocks.29.self_attn.q.weight robuq_weight_svd_r8: fro=0.47020 act=0.48230 params=24576
[probe] blocks.29.self_attn.q.weight ternary_qer_svd_r8: fro=0.48251 act=0.49248 params=24576
[probe] blocks.29.self_attn.q.weight fp8_qer_svd_r8: fro=0.02600 act=0.02664 params=24576
[probe] blocks.29.self_attn.q.weight robuq_weight_svd_r16: fro=0.45353 act=0.46630 params=49152
[probe] blocks.29.self_attn.q.weight ternary_qer_svd_r16: fro=0.47061 act=0.47489 params=49152
[probe] blocks.29.self_attn.q.weight fp8_qer_svd_r16: fro=0.02568 act=0.02639 params=49152
[probe] blocks.29.self_attn.q.weight robuq_weight_svd_r32: fro=0.43004 act=0.43798 params=98304
[probe] blocks.29.self_attn.q.weight ternary_qer_svd_r32: fro=0.45299 act=0.45941 params=98304
[probe] blocks.29.self_attn.q.weight fp8_qer_svd_r32: fro=0.02511 act=0.02572 params=98304
[probe] blocks.29.self_attn.q.weight ternary_qer_bcm_b64: fro=0.50684 act=0.50951 params=36864
[probe] blocks.29.self_attn.q.weight ternary_qer_bcm_b64_svd_r4_budget_lr16: fro=0.48682 act=0.49845 params=49152
[probe] blocks.29.self_attn.q.weight ternary_qer_svd_r4_bcm_b64_budget_lr16: fro=0.48652 act=0.49838 params=49152
[probe] blocks.29.self_attn.q.weight ternary_qer_bcm_b64_svd_r16_expanded: fro=0.46741 act=0.47232 params=86016
[probe] blocks.29.self_attn.q.weight fp8_qer_bcm_b64_svd_r4_budget_lr16: fro=0.02599 act=0.02652 params=49152
[probe] blocks.29.self_attn.q.weight ternary_qer_bcm_b128: fro=0.50890 act=0.51107 params=18432
[probe] blocks.29.self_attn.q.weight ternary_qer_bcm_b128_svd_r10_budget_lr16: fro=0.47744 act=0.48234 params=49152
[probe] blocks.29.self_attn.q.weight ternary_qer_svd_r10_bcm_b128_budget_lr16: fro=0.47722 act=0.48238 params=49152
[probe] blocks.29.self_attn.q.weight ternary_qer_bcm_b128_svd_r16_expanded: fro=0.46903 act=0.47370 params=67584
[probe] blocks.29.self_attn.q.weight fp8_qer_bcm_b128_svd_r10_budget_lr16: fro=0.02584 act=0.02647 params=49152
[probe] blocks.29.self_attn.q.weight ternary_qer_bcm_b256: fro=0.50989 act=0.51161 params=9216
[probe] blocks.29.self_attn.q.weight ternary_qer_bcm_b256_svd_r13_budget_lr16: fro=0.47387 act=0.47952 params=49152
[probe] blocks.29.self_attn.q.weight ternary_qer_svd_r13_bcm_b256_budget_lr16: fro=0.47375 act=0.47938 params=49152
[probe] blocks.29.self_attn.q.weight ternary_qer_bcm_b256_svd_r16_expanded: fro=0.46982 act=0.47444 params=58368
[probe] blocks.29.self_attn.q.weight fp8_qer_bcm_b256_svd_r13_budget_lr16: fro=0.02577 act=0.02637 params=49152
[probe] blocks.29.self_attn.q.weight ternary_qer_svd_r8_rowsparse_b16_budget_lr16: fro=0.47801 act=0.48804 params=49152
[probe] blocks.29.self_attn.q.weight ternary_qer_svd_r8_tilesparse_b32_budget_lr16: fro=0.47791 act=0.48941 params=49152
[probe] blocks.29.self_attn.q.weight fp8_qer_svd_r8_rowsparse_b16_budget_lr16: fro=0.02577 act=0.02639 params=49152
[probe] loading blocks.29.self_attn.o.weight
[probe] blocks.29.self_attn.o.weight ternary_no_hadamard: fro=0.50625 act=0.50586 params=0
[probe] blocks.29.self_attn.o.weight ternary_hadamard: fro=0.51085 act=0.52289 params=0
[probe] blocks.29.self_attn.o.weight fp8_hadamard: fro=0.02653 act=0.02712 params=0
[probe] blocks.29.self_attn.o.weight robuq_weight_svd_r8: fro=0.49643 act=0.50172 params=24576
[probe] blocks.29.self_attn.o.weight ternary_qer_svd_r8: fro=0.50025 act=0.50893 params=24576
[probe] blocks.29.self_attn.o.weight fp8_qer_svd_r8: fro=0.02624 act=0.02680 params=24576
[probe] blocks.29.self_attn.o.weight robuq_weight_svd_r16: fro=0.48406 act=0.48720 params=49152
[probe] blocks.29.self_attn.o.weight ternary_qer_svd_r16: fro=0.49112 act=0.50043 params=49152
[probe] blocks.29.self_attn.o.weight fp8_qer_svd_r16: fro=0.02596 act=0.02661 params=49152
[probe] blocks.29.self_attn.o.weight robuq_weight_svd_r32: fro=0.46375 act=0.47443 params=98304
[probe] blocks.29.self_attn.o.weight ternary_qer_svd_r32: fro=0.47567 act=0.48429 params=98304
[probe] blocks.29.self_attn.o.weight fp8_qer_svd_r32: fro=0.02543 act=0.02601 params=98304
[probe] blocks.29.self_attn.o.weight ternary_qer_bcm_b64: fro=0.50687 act=0.51918 params=36864
[probe] blocks.29.self_attn.o.weight ternary_qer_bcm_b64_svd_r4_budget_lr16: fro=0.50140 act=0.51145 params=49152
[probe] blocks.29.self_attn.o.weight ternary_qer_svd_r4_bcm_b64_budget_lr16: fro=0.50134 act=0.51161 params=49152
[probe] blocks.29.self_attn.o.weight ternary_qer_bcm_b64_svd_r16_expanded: fro=0.48749 act=0.49754 params=86016
[probe] blocks.29.self_attn.o.weight fp8_qer_bcm_b64_svd_r4_budget_lr16: fro=0.02619 act=0.02688 params=49152
[probe] blocks.29.self_attn.o.weight ternary_qer_bcm_b128: fro=0.50885 act=0.52054 params=18432
[probe] blocks.29.self_attn.o.weight ternary_qer_bcm_b128_svd_r10_budget_lr16: fro=0.49600 act=0.50485 params=49152
[probe] blocks.29.self_attn.o.weight ternary_qer_svd_r10_bcm_b128_budget_lr16: fro=0.49594 act=0.50481 params=49152
[probe] blocks.29.self_attn.o.weight ternary_qer_bcm_b128_svd_r16_expanded: fro=0.48931 act=0.49839 params=67584
[probe] blocks.29.self_attn.o.weight fp8_qer_bcm_b128_svd_r10_budget_lr16: fro=0.02609 act=0.02674 params=49152
[probe] blocks.29.self_attn.o.weight ternary_qer_bcm_b256: fro=0.50983 act=0.52227 params=9216
[probe] blocks.29.self_attn.o.weight ternary_qer_bcm_b256_svd_r13_budget_lr16: fro=0.49349 act=0.50358 params=49152
[probe] blocks.29.self_attn.o.weight ternary_qer_svd_r13_bcm_b256_budget_lr16: fro=0.49345 act=0.50316 params=49152
[probe] blocks.29.self_attn.o.weight ternary_qer_bcm_b256_svd_r16_expanded: fro=0.49019 act=0.49975 params=58368
[probe] blocks.29.self_attn.o.weight fp8_qer_bcm_b256_svd_r13_budget_lr16: fro=0.02603 act=0.02668 params=49152
[probe] blocks.29.self_attn.o.weight ternary_qer_svd_r8_rowsparse_b16_budget_lr16: fro=0.49699 act=0.50583 params=49152
[probe] blocks.29.self_attn.o.weight ternary_qer_svd_r8_tilesparse_b32_budget_lr16: fro=0.49690 act=0.50580 params=49152
[probe] blocks.29.self_attn.o.weight fp8_qer_svd_r8_rowsparse_b16_budget_lr16: fro=0.02607 act=0.02661 params=49152
[probe] loading blocks.29.ffn.0.weight
[probe] blocks.29.ffn.0.weight ternary_no_hadamard: fro=0.53305 act=0.53243 params=0
[probe] blocks.29.ffn.0.weight ternary_hadamard: fro=0.51084 act=0.51627 params=0
[probe] blocks.29.ffn.0.weight fp8_hadamard: fro=0.02648 act=0.02693 params=0
[probe] blocks.29.ffn.0.weight robuq_weight_svd_r8: fro=0.48725 act=0.49186 params=83968
[probe] blocks.29.ffn.0.weight ternary_qer_svd_r8: fro=0.49518 act=0.50109 params=83968
[probe] blocks.29.ffn.0.weight fp8_qer_svd_r8: fro=0.02634 act=0.02677 params=83968
[probe] blocks.29.ffn.0.weight robuq_weight_svd_r16: fro=0.47701 act=0.48177 params=167936
[probe] blocks.29.ffn.0.weight ternary_qer_svd_r16: fro=0.48812 act=0.49423 params=167936
[probe] blocks.29.ffn.0.weight fp8_qer_svd_r16: fro=0.02621 act=0.02662 params=167936
[probe] blocks.29.ffn.0.weight robuq_weight_svd_r32: fro=0.45990 act=0.46412 params=335872
[probe] blocks.29.ffn.0.weight ternary_qer_svd_r32: fro=0.47611 act=0.48049 params=335872
[probe] blocks.29.ffn.0.weight fp8_qer_svd_r32: fro=0.02596 act=0.02641 params=335872
[probe] blocks.29.ffn.0.weight ternary_qer_bcm_b64: fro=0.50682 act=0.51242 params=215040
[probe] blocks.29.ffn.0.weight ternary_qer_bcm_b64_svd_r16_expanded: fro=0.48456 act=0.49116 params=382976
[probe] blocks.29.ffn.0.weight ternary_qer_bcm_b128: fro=0.50883 act=0.51439 params=107520
[probe] blocks.29.ffn.0.weight ternary_qer_bcm_b128_svd_r5_budget_lr16: fro=0.49654 act=0.50233 params=160000
[probe] blocks.29.ffn.0.weight ternary_qer_svd_r5_bcm_b128_budget_lr16: fro=0.49646 act=0.50210 params=160000
[probe] blocks.29.ffn.0.weight ternary_qer_bcm_b128_svd_r16_expanded: fro=0.48634 act=0.49291 params=275456
[probe] blocks.29.ffn.0.weight fp8_qer_bcm_b128_svd_r5_budget_lr16: fro=0.02629 act=0.02670 params=160000
[probe] blocks.29.ffn.0.weight ternary_qer_bcm_b256: fro=0.50984 act=0.51554 params=53760
[probe] blocks.29.ffn.0.weight ternary_qer_bcm_b256_svd_r10_budget_lr16: fro=0.49236 act=0.49831 params=158720
[probe] blocks.29.ffn.0.weight ternary_qer_svd_r10_bcm_b256_budget_lr16: fro=0.49231 act=0.49829 params=158720
[probe] blocks.29.ffn.0.weight ternary_qer_bcm_b256_svd_r16_expanded: fro=0.48723 act=0.49318 params=221696
[probe] blocks.29.ffn.0.weight fp8_qer_bcm_b256_svd_r10_budget_lr16: fro=0.02627 act=0.02671 params=158720
[probe] blocks.29.ffn.0.weight ternary_qer_svd_r8_rowsparse_b16_budget_lr16: fro=0.49357 act=0.49945 params=157696
[probe] blocks.29.ffn.0.weight ternary_qer_svd_r8_tilesparse_b32_budget_lr16: fro=0.49328 act=0.49916 params=167936
[probe] blocks.29.ffn.0.weight fp8_qer_svd_r8_rowsparse_b16_budget_lr16: fro=0.02626 act=0.02668 params=157696
[probe] wrote /home/wangmeiqi/codex_runs/robuq_structured_probe_20260723/results/decomposition_wan9_v1 in 2.8s
