/home/wangmeiqi/miniconda3/envs/lgn/lib/python3.11/site-packages/numpy/lib/_function_base_impl.py:4671: RuntimeWarning: invalid value encountered in subtract
  diff_b_a = subtract(b, a)
PAIR prompt=0 seed=20260723 method=dense_cache007 speedup=0.9965 ssim=1.000000
PAIR prompt=0 seed=20260723 method=dense_cache008 speedup=1.0394 ssim=0.968057
PAIR prompt=0 seed=20260723 method=fp8 speedup=1.0307 ssim=0.676888
PAIR prompt=0 seed=20260723 method=fp8_middle1 speedup=0.9880 ssim=0.965243
PAIR prompt=0 seed=20260723 method=hybrid_middle1 speedup=0.9798 ssim=0.963107
PAIR prompt=0 seed=20260723 method=hybrid_middle1_cache007 speedup=0.9662 ssim=0.963107
PAIR prompt=0 seed=20260723 method=hybrid_middle1_cache008 speedup=1.0136 ssim=0.960601
PAIR prompt=0 seed=20260724 method=dense_cache007 speedup=0.9819 ssim=1.000000
PAIR prompt=0 seed=20260724 method=dense_cache008 speedup=1.0254 ssim=0.963055
PAIR prompt=0 seed=20260724 method=fp8 speedup=0.9794 ssim=0.820159
PAIR prompt=0 seed=20260724 method=fp8_middle1 speedup=0.9959 ssim=0.956186
PAIR prompt=0 seed=20260724 method=hybrid_middle1 speedup=0.9994 ssim=0.943464
PAIR prompt=0 seed=20260724 method=hybrid_middle1_cache007 speedup=0.9934 ssim=0.943464
PAIR prompt=0 seed=20260724 method=hybrid_middle1_cache008 speedup=1.0049 ssim=0.945299
PAIR prompt=1 seed=20260723 method=dense_cache008 speedup=1.0414 ssim=0.932862
PAIR prompt=1 seed=20260723 method=fp8 speedup=1.0387 ssim=0.720603
PAIR prompt=1 seed=20260723 method=fp8_middle1 speedup=1.0064 ssim=0.929182
PAIR prompt=1 seed=20260723 method=hybrid_middle1 speedup=0.9990 ssim=0.898366
PAIR prompt=1 seed=20260723 method=hybrid_middle1_cache007 speedup=1.0012 ssim=0.898366
PAIR prompt=1 seed=20260723 method=hybrid_middle1_cache008 speedup=1.0359 ssim=0.893006
PAIR prompt=1 seed=20260723 method=dense_cache007 speedup=1.0012 ssim=1.000000
PAIR prompt=1 seed=20260724 method=fp8 speedup=1.0227 ssim=0.641555
PAIR prompt=1 seed=20260724 method=fp8_middle1 speedup=1.0005 ssim=0.936362
PAIR prompt=1 seed=20260724 method=hybrid_middle1 speedup=0.9959 ssim=0.935773
PAIR prompt=1 seed=20260724 method=hybrid_middle1_cache007 speedup=0.9956 ssim=0.935773
PAIR prompt=1 seed=20260724 method=hybrid_middle1_cache008 speedup=1.0196 ssim=0.925823
PAIR prompt=1 seed=20260724 method=dense_cache007 speedup=1.0018 ssim=1.000000
PAIR prompt=1 seed=20260724 method=dense_cache008 speedup=1.0387 ssim=0.938118
PAIR prompt=2 seed=20260723 method=fp8_middle1 speedup=0.9905 ssim=0.975435
PAIR prompt=2 seed=20260723 method=hybrid_middle1 speedup=0.9827 ssim=0.974269
PAIR prompt=2 seed=20260723 method=hybrid_middle1_cache007 speedup=0.9886 ssim=0.974269
PAIR prompt=2 seed=20260723 method=hybrid_middle1_cache008 speedup=1.0329 ssim=0.973298
PAIR prompt=2 seed=20260723 method=dense_cache007 speedup=0.9848 ssim=1.000000
PAIR prompt=2 seed=20260723 method=dense_cache008 speedup=1.0393 ssim=0.974138
PAIR prompt=2 seed=20260723 method=fp8 speedup=1.0258 ssim=0.912936
PAIR prompt=2 seed=20260724 method=hybrid_middle1 speedup=0.9970 ssim=0.966236
PAIR prompt=2 seed=20260724 method=hybrid_middle1_cache007 speedup=0.9938 ssim=0.966236
PAIR prompt=2 seed=20260724 method=hybrid_middle1_cache008 speedup=1.0258 ssim=0.961536
PAIR prompt=2 seed=20260724 method=dense_cache007 speedup=0.9962 ssim=1.000000
PAIR prompt=2 seed=20260724 method=dense_cache008 speedup=1.0371 ssim=0.965503
PAIR prompt=2 seed=20260724 method=fp8 speedup=0.9982 ssim=0.863341
PAIR prompt=2 seed=20260724 method=fp8_middle1 speedup=1.0012 ssim=0.968881
PAIR prompt=3 seed=20260723 method=hybrid_middle1_cache007 speedup=0.9996 ssim=0.961829
PAIR prompt=3 seed=20260723 method=hybrid_middle1_cache008 speedup=1.0340 ssim=0.952316
PAIR prompt=3 seed=20260723 method=dense_cache007 speedup=0.9951 ssim=1.000000
PAIR prompt=3 seed=20260723 method=dense_cache008 speedup=1.0396 ssim=0.957295
PAIR prompt=3 seed=20260723 method=fp8 speedup=1.0378 ssim=0.890151
PAIR prompt=3 seed=20260723 method=fp8_middle1 speedup=1.0047 ssim=0.956036
PAIR prompt=3 seed=20260723 method=hybrid_middle1 speedup=0.9652 ssim=0.961829
PAIR prompt=3 seed=20260724 method=hybrid_middle1_cache008 speedup=1.0394 ssim=0.933121
PAIR prompt=3 seed=20260724 method=dense_cache007 speedup=0.9980 ssim=1.000000
PAIR prompt=3 seed=20260724 method=dense_cache008 speedup=1.0403 ssim=0.941970
PAIR prompt=3 seed=20260724 method=fp8 speedup=1.0028 ssim=0.847389
PAIR prompt=3 seed=20260724 method=fp8_middle1 speedup=0.9994 ssim=0.946148
PAIR prompt=3 seed=20260724 method=hybrid_middle1 speedup=1.0008 ssim=0.943123
PAIR prompt=3 seed=20260724 method=hybrid_middle1_cache007 speedup=1.0001 ssim=0.943123
{"cache_faster_than_uncached_hybrid": true, "cache_quality": false, "correctness": true, "hybrid_quality": false, "hybrid_runtime_within_15_percent": true, "primary_cache_method": "hybrid_middle1_cache007", "primary_method": "hybrid_middle1", "promote_to_f81": false, "reference_pairs": 8, "warning": "PSNR and SSIM are paired deviations from dense output, not standalone semantic quality"}
